<?xml version="1.0" encoding="UTF-8"?>
<coverage generated="1744900705520" clover="3.2.0">
  <project timestamp="1744900705520" name="All files">
    <metrics statements="14" coveredstatements="14" conditionals="7" coveredconditionals="7" methods="5" coveredmethods="5" elements="26" coveredelements="26" complexity="0" loc="14" ncloc="14" packages="2" files="2" classes="2"/>
    <package name="Utils">
      <metrics statements="5" coveredstatements="5" conditionals="0" coveredconditionals="0" methods="4" coveredmethods="4"/>
      <file name="math.js" path="D:\programacion\freelance\Xander\test-app-ci-cd\Utils\math.js">
        <metrics statements="5" coveredstatements="5" conditionals="0" coveredconditionals="0" methods="4" coveredmethods="4"/>
        <line num="2" count="1" type="stmt"/>
        <line num="6" count="1" type="stmt"/>
        <line num="10" count="1" type="stmt"/>
        <line num="14" count="1" type="stmt"/>
        <line num="17" count="1" type="stmt"/>
      </file>
    </package>
    <package name="src">
      <metrics statements="9" coveredstatements="9" conditionals="7" coveredconditionals="7" methods="1" coveredmethods="1"/>
      <file name="index.js" path="D:\programacion\freelance\Xander\test-app-ci-cd\src\index.js">
        <metrics statements="9" coveredstatements="9" conditionals="7" coveredconditionals="7" methods="1" coveredmethods="1"/>
        <line num="1" count="1" type="stmt"/>
        <line num="4" count="6" type="cond" truecount="5" falsecount="0"/>
        <line num="6" count="1" type="stmt"/>
        <line num="8" count="1" type="stmt"/>
        <line num="10" count="1" type="stmt"/>
        <line num="12" count="2" type="cond" truecount="2" falsecount="0"/>
        <line num="13" count="1" type="stmt"/>
        <line num="15" count="1" type="stmt"/>
        <line num="19" count="1" type="stmt"/>
      </file>
    </package>
  </project>
</coverage>
