<?xml version="1.0" encoding="UTF-8"?>
<coverage generated="1745155042859" clover="3.2.0">
  <project timestamp="1745155042859" name="All files">
    <metrics statements="24" coveredstatements="21" conditionals="25" coveredconditionals="22" methods="5" coveredmethods="5" elements="54" coveredelements="48" complexity="0" loc="24" ncloc="24" packages="2" files="2" classes="2"/>
    <package name="Utils">
      <metrics statements="15" coveredstatements="12" conditionals="18" coveredconditionals="15" methods="4" coveredmethods="4"/>
      <file name="math.js" path="C:\Users\Franny\Desktop\Practica-3\test-app-ci-cd\Utils\math.js">
        <metrics statements="15" coveredstatements="12" conditionals="18" coveredconditionals="15" methods="4" coveredmethods="4"/>
        <line num="2" count="2" type="cond" truecount="4" falsecount="0"/>
        <line num="3" count="1" type="stmt"/>
        <line num="5" count="1" type="stmt"/>
        <line num="9" count="1" type="cond" truecount="3" falsecount="1"/>
        <line num="10" count="0" type="stmt"/>
        <line num="12" count="1" type="stmt"/>
        <line num="16" count="2" type="cond" truecount="4" falsecount="0"/>
        <line num="17" count="1" type="stmt"/>
        <line num="19" count="1" type="stmt"/>
        <line num="23" count="2" type="cond" truecount="3" falsecount="1"/>
        <line num="24" count="0" type="stmt"/>
        <line num="26" count="2" type="cond" truecount="1" falsecount="1"/>
        <line num="27" count="0" type="stmt"/>
        <line num="29" count="2" type="stmt"/>
        <line num="32" count="1" type="stmt"/>
      </file>
    </package>
    <package name="src">
      <metrics statements="9" coveredstatements="9" conditionals="7" coveredconditionals="7" methods="1" coveredmethods="1"/>
      <file name="index.js" path="C:\Users\Franny\Desktop\Practica-3\test-app-ci-cd\src\index.js">
        <metrics statements="9" coveredstatements="9" conditionals="7" coveredconditionals="7" methods="1" coveredmethods="1"/>
        <line num="1" count="1" type="stmt"/>
        <line num="4" count="9" type="cond" truecount="5" falsecount="0"/>
        <line num="6" count="2" type="stmt"/>
        <line num="8" count="1" type="stmt"/>
        <line num="10" count="2" type="stmt"/>
        <line num="12" count="3" type="cond" truecount="2" falsecount="0"/>
        <line num="13" count="2" type="stmt"/>
        <line num="15" count="1" type="stmt"/>
        <line num="19" count="1" type="stmt"/>
      </file>
    </package>
  </project>
</coverage>
