{"D:\\programacion\\freelance\\Xander\\test-app-ci-cd\\Utils\\math.js": {"path":"D:\\programacion\\freelance\\Xander\\test-app-ci-cd\\Utils\\math.js","statementMap":{"0":{"start":{"line":2,"column":4},"end":{"line":2,"column":17}},"1":{"start":{"line":6,"column":4},"end":{"line":6,"column":17}},"2":{"start":{"line":10,"column":4},"end":{"line":10,"column":17}},"3":{"start":{"line":14,"column":4},"end":{"line":14,"column":17}},"4":{"start":{"line":17,"column":2},"end":{"line":17,"column":55}}},"fnMap":{"0":{"name":"add","decl":{"start":{"line":1,"column":9},"end":{"line":1,"column":12}},"loc":{"start":{"line":1,"column":19},"end":{"line":3,"column":3}},"line":1},"1":{"name":"subtract","decl":{"start":{"line":5,"column":11},"end":{"line":5,"column":19}},"loc":{"start":{"line":5,"column":26},"end":{"line":7,"column":3}},"line":5},"2":{"name":"multiply","decl":{"start":{"line":9,"column":11},"end":{"line":9,"column":19}},"loc":{"start":{"line":9,"column":26},"end":{"line":11,"column":3}},"line":9},"3":{"name":"divide","decl":{"start":{"line":13,"column":11},"end":{"line":13,"column":17}},"loc":{"start":{"line":13,"column":24},"end":{"line":15,"column":3}},"line":13}},"branchMap":{},"s":{"0":1,"1":1,"2":1,"3":1,"4":1},"f":{"0":1,"1":1,"2":1,"3":1},"b":{},"_coverageSchema":"1a1c01bbd47fc00a2c39e90264f33305004495a9","hash":"95c8efe90611fd2a2522ae8da1e2697ef3a708d5"}
,"D:\\programacion\\freelance\\Xander\\test-app-ci-cd\\src\\index.js": {"path":"D:\\programacion\\freelance\\Xander\\test-app-ci-cd\\src\\index.js","statementMap":{"0":{"start":{"line":1,"column":44},"end":{"line":1,"column":68}},"1":{"start":{"line":4,"column":2},"end":{"line":16,"column":3}},"2":{"start":{"line":6,"column":6},"end":{"line":6,"column":23}},"3":{"start":{"line":8,"column":6},"end":{"line":8,"column":28}},"4":{"start":{"line":10,"column":6},"end":{"line":10,"column":28}},"5":{"start":{"line":12,"column":6},"end":{"line":12,"column":60}},"6":{"start":{"line":12,"column":19},"end":{"line":12,"column":60}},"7":{"start":{"line":13,"column":6},"end":{"line":13,"column":26}},"8":{"start":{"line":15,"column":6},"end":{"line":15,"column":43}},"9":{"start":{"line":19,"column":0},"end":{"line":19,"column":32}}},"fnMap":{"0":{"name":"calculator","decl":{"start":{"line":3,"column":9},"end":{"line":3,"column":19}},"loc":{"start":{"line":3,"column":37},"end":{"line":17,"column":1}},"line":3}},"branchMap":{"0":{"loc":{"start":{"line":4,"column":2},"end":{"line":16,"column":3}},"type":"switch","locations":[{"start":{"line":5,"column":4},"end":{"line":6,"column":23}},{"start":{"line":7,"column":4},"end":{"line":8,"column":28}},{"start":{"line":9,"column":4},"end":{"line":10,"column":28}},{"start":{"line":11,"column":4},"end":{"line":13,"column":26}},{"start":{"line":14,"column":4},"end":{"line":15,"column":43}}],"line":4},"1":{"loc":{"start":{"line":12,"column":6},"end":{"line":12,"column":60}},"type":"if","locations":[{"start":{"line":12,"column":6},"end":{"line":12,"column":60}},{"start":{},"end":{}}],"line":12}},"s":{"0":1,"1":6,"2":1,"3":1,"4":1,"5":2,"6":1,"7":1,"8":1,"9":1},"f":{"0":6},"b":{"0":[1,1,1,2,1],"1":[1,1]},"_coverageSchema":"1a1c01bbd47fc00a2c39e90264f33305004495a9","hash":"7e37ed35b2f68c130825afb023e900915a9f0f9b"}
}
