TN:
SF:Utils\math.js
FN:1,add
FN:8,subtract
FN:15,multiply
FN:22,divide
FNF:4
FNH:4
FNDA:2,add
FNDA:1,subtract
FNDA:2,multiply
FNDA:2,divide
DA:2,2
DA:3,1
DA:5,1
DA:9,1
DA:10,0
DA:12,1
DA:16,2
DA:17,1
DA:19,1
DA:23,2
DA:24,0
DA:26,2
DA:27,0
DA:29,2
DA:32,1
LF:15
LH:12
BRDA:2,0,0,1
BRDA:2,0,1,1
BRDA:2,1,0,2
BRDA:2,1,1,1
BRDA:9,2,0,0
BRDA:9,2,1,1
BRDA:9,3,0,1
BRDA:9,3,1,1
BRDA:16,4,0,1
BRDA:16,4,1,1
BRDA:16,5,0,2
BRDA:16,5,1,2
BRDA:23,6,0,0
BRDA:23,6,1,2
BRDA:23,7,0,2
BRDA:23,7,1,2
BRDA:26,8,0,0
BRDA:26,8,1,2
BRF:18
BRH:15
end_of_record
TN:
SF:src\index.js
FN:3,calculator
FNF:1
FNH:1
FNDA:9,calculator
DA:1,1
DA:4,9
DA:6,2
DA:8,1
DA:10,2
DA:12,3
DA:13,2
DA:15,1
DA:19,1
LF:9
LH:9
BRDA:4,0,0,2
BRDA:4,0,1,1
BRDA:4,0,2,2
BRDA:4,0,3,3
BRDA:4,0,4,1
BRDA:12,1,0,1
BRDA:12,1,1,2
BRF:7
BRH:7
end_of_record
